c:\users\evgeny\desktop\for git\engine2.5d\x64\release\vc142.pdb
c:\users\evgeny\desktop\for git\engine2.5d\x64\release\source.obj
c:\users\evgeny\desktop\for git\engine2.5d\x64\release\pause.obj
c:\users\evgeny\desktop\for git\engine2.5d\x64\release\menu.obj
c:\users\evgeny\desktop\for git\engine2.5d\x64\release\levels.obj
c:\users\evgeny\desktop\for git\engine2.5d\x64\release\gameover.obj
c:\users\evgeny\desktop\for git\engine2.5d\x64\release\eventhadler.obj
c:\users\evgeny\desktop\for git\engine2.5d\x64\release\enemysoldier.obj
c:\users\evgeny\desktop\for git\engine2.5d\x64\release\enemy.obj
c:\users\evgeny\desktop\for git\engine2.5d\x64\release\bullet.obj
c:\users\evgeny\desktop\for git\engine2.5d\x64\release\eds.obj
c:\users\evgeny\desktop\for git\engine2.5d\x64\release\debugengine.ipdb
c:\users\evgeny\desktop\for git\engine2.5d\x64\release\debugengine.iobj
c:\users\evgeny\desktop\for git\engine2.5d\x64\release\debugengine.pdb
c:\users\evgeny\desktop\for git\engine2.5d\x64\release\debugengine.tlog\cl.command.1.tlog
c:\users\evgeny\desktop\for git\engine2.5d\x64\release\debugengine.tlog\cl.read.1.tlog
c:\users\evgeny\desktop\for git\engine2.5d\x64\release\debugengine.tlog\cl.write.1.tlog
c:\users\evgeny\desktop\for git\engine2.5d\x64\release\debugengine.tlog\debugengine.write.1u.tlog
c:\users\evgeny\desktop\for git\engine2.5d\x64\release\debugengine.tlog\link.command.1.tlog
c:\users\evgeny\desktop\for git\engine2.5d\x64\release\debugengine.tlog\link.delete.1.tlog
c:\users\evgeny\desktop\for git\engine2.5d\x64\release\debugengine.tlog\link.read.1.tlog
c:\users\evgeny\desktop\for git\engine2.5d\x64\release\debugengine.tlog\link.read.5.tlog
c:\users\evgeny\desktop\for git\engine2.5d\x64\release\debugengine.tlog\link.read.7.tlog
c:\users\evgeny\desktop\for git\engine2.5d\x64\release\debugengine.tlog\link.write.1.tlog
