  Source.cpp
C:\Users\evgeny\Desktop\For GIT\Engine2.5D\Engine.h(15,1): warning C4005:  max: изменение макроопределения
C:\Program Files (x86)\Windows Kits\10\Include\10.0.17763.0\shared\minwindef.h(193): message :  см. предыдущее определение "max"
C:\Users\evgeny\Desktop\For GIT\Engine2.5D\Engine.h(25,35): warning C4305:  инициализация: усечение из "double" в "float"
C:\Users\evgeny\Desktop\For GIT\Engine2.5D\Menu.h(6,1): warning C4005:  IN: изменение макроопределения
C:\Program Files (x86)\Windows Kits\10\Include\10.0.17763.0\shared\minwindef.h(79): message :  см. предыдущее определение "IN"
C:\Users\evgeny\Desktop\For GIT\Engine2.5D\GameOver.h(2,10): warning C4067:  непредвиденные лексемы за директивой препроцессора, требуется newline
C:\Users\evgeny\Desktop\For GIT\Engine2.5D\Source.cpp(155,16): warning C4477:  "fscanf_s": в строке форматирования "%c" требуется аргумент типа "char *", но вариативный аргумент "1" имеет тип "int"
C:\Users\evgeny\Desktop\For GIT\Engine2.5D\Source.cpp(155,16): message :  этот аргумент используется описателем преобразования
C:\Users\evgeny\Desktop\For GIT\Engine2.5D\Source.cpp(155,16): warning C4473:  "fscanf_s": передано недостаточно аргументов для строки формата
C:\Users\evgeny\Desktop\For GIT\Engine2.5D\Source.cpp(155,16): message :  заполнители и их параметры ожидают переменное число аргументов в количестве 2, но было предоставлено 1
C:\Users\evgeny\Desktop\For GIT\Engine2.5D\Source.cpp(155,16): message :  отсутствующий вариативный аргумент "2" требуется для строки форматирования "%c"
C:\Users\evgeny\Desktop\For GIT\Engine2.5D\Source.cpp(155,16): message :  этот аргумент используется в качестве размера буфера
C:\Users\evgeny\Desktop\For GIT\Engine2.5D\Source.cpp(158,17): warning C4477:  "fscanf_s": в строке форматирования "%d" требуется аргумент типа "int *", но вариативный аргумент "1" имеет тип "int"
C:\Users\evgeny\Desktop\For GIT\Engine2.5D\Source.cpp(143,6): warning C4101:  size: неиспользованная локальная переменная
C:\Users\evgeny\Desktop\For GIT\Engine2.5D\Source.cpp(212,17): warning C4244:  =: преобразование "std::streamoff" в "int", возможна потеря данных
C:\Users\evgeny\Desktop\For GIT\Engine2.5D\Source.cpp(247,12): warning C4244:  инициализация: преобразование "double" в "int", возможна потеря данных
C:\Users\evgeny\Desktop\For GIT\Engine2.5D\Source.cpp(294,15): warning C4244:  инициализация: преобразование "float" в "int", возможна потеря данных
C:\Users\evgeny\Desktop\For GIT\Engine2.5D\Source.cpp(300,16): warning C4309:  =: усечение константного значения
C:\Users\evgeny\Desktop\For GIT\Engine2.5D\Source.cpp(303,17): warning C4309:  =: усечение константного значения
C:\Users\evgeny\Desktop\For GIT\Engine2.5D\Source.cpp(305,17): warning C4309:  =: усечение константного значения
C:\Users\evgeny\Desktop\For GIT\Engine2.5D\Source.cpp(334,26): warning C4305:  -=: усечение из "double" в "float"
C:\Users\evgeny\Desktop\For GIT\Engine2.5D\Source.cpp(336,26): warning C4305:  +=: усечение из "double" в "float"
C:\Users\evgeny\Desktop\For GIT\Engine2.5D\Source.cpp(339,22): warning C4305:  +=: усечение из "double" в "float"
C:\Users\evgeny\Desktop\For GIT\Engine2.5D\Source.cpp(360,16): warning C4244:  инициализация: преобразование "float" в "int", возможна потеря данных
C:\Users\evgeny\Desktop\For GIT\Engine2.5D\Source.cpp(363,17): warning C4244:  инициализация: преобразование "float" в "int", возможна потеря данных
C:\Users\evgeny\Desktop\For GIT\Engine2.5D\Source.cpp(366,10): warning C4244:  инициализация: преобразование "float" в "int", возможна потеря данных
C:\Users\evgeny\Desktop\For GIT\Engine2.5D\Source.cpp(415,8): warning C4101:  size: неиспользованная локальная переменная
C:\Users\evgeny\Desktop\For GIT\Engine2.5D\Source.cpp(492,27): warning C4305:  -=: усечение из "double" в "float"
C:\Users\evgeny\Desktop\For GIT\Engine2.5D\Source.cpp(494,27): warning C4305:  +=: усечение из "double" в "float"
C:\Users\evgeny\Desktop\For GIT\Engine2.5D\Source.cpp(497,19): warning C4305:  +=: усечение из "double" в "float"
C:\Users\evgeny\Desktop\For GIT\Engine2.5D\Source.cpp(510,16): warning C4244:  инициализация: преобразование "float" в "int", возможна потеря данных
C:\Users\evgeny\Desktop\For GIT\Engine2.5D\Source.cpp(513,10): warning C4244:  инициализация: преобразование "float" в "int", возможна потеря данных
C:\Users\evgeny\Desktop\For GIT\Engine2.5D\Source.cpp(756,15): warning C4244:  инициализация: преобразование "int" в "float", возможна потеря данных
  Создание кода
  Previous IPDB and IOBJ mismatch, fall back to full compilation.
C:\Users\evgeny\Desktop\For GIT\Engine2.5D\Source.cpp(155): error C4700: использована неинициализированная локальная переменная "temp"
  All 431 functions were compiled because no usable IPDB/IOBJ from previous compilation was found.
LINK : fatal error LNK1257: не удалось создать код
