c:\users\evgeny\desktop\for git\engine2.5d\x64\debug\vc142.pdb
c:\users\evgeny\desktop\for git\engine2.5d\x64\debug\vc142.idb
c:\users\evgeny\desktop\for git\engine2.5d\x64\debug\source.obj
c:\users\evgeny\desktop\for git\engine2.5d\x64\debug\menu.obj
c:\users\evgeny\desktop\for git\engine2.5d\x64\debug\eventhadler.obj
c:\users\evgeny\desktop\for git\engine2.5d\x64\debug\enemysoldier.obj
c:\users\evgeny\desktop\for git\engine2.5d\x64\debug\enemy.obj
c:\users\evgeny\desktop\for git\engine2.5d\x64\debug\class.obj
c:\users\evgeny\desktop\for git\engine2.5d\x64\debug\bullet.obj
c:\users\evgeny\desktop\for git\engine2.5d\x64\debug\levels.obj
c:\users\evgeny\desktop\for git\engine2.5d\x64\debug\debugengine.pdb
c:\users\evgeny\desktop\for git\engine2.5d\x64\debug\debugengine.tlog\cl.command.1.tlog
c:\users\evgeny\desktop\for git\engine2.5d\x64\debug\debugengine.tlog\cl.read.1.tlog
c:\users\evgeny\desktop\for git\engine2.5d\x64\debug\debugengine.tlog\cl.write.1.tlog
c:\users\evgeny\desktop\for git\engine2.5d\x64\debug\debugengine.tlog\link-cvtres.read.1.tlog
c:\users\evgeny\desktop\for git\engine2.5d\x64\debug\debugengine.tlog\link-cvtres.write.1.tlog
c:\users\evgeny\desktop\for git\engine2.5d\x64\debug\debugengine.tlog\link-rc.read.1.tlog
c:\users\evgeny\desktop\for git\engine2.5d\x64\debug\debugengine.tlog\link-rc.write.1.tlog
c:\users\evgeny\desktop\for git\engine2.5d\x64\debug\debugengine.tlog\link.9448-cvtres.read.1.tlog
c:\users\evgeny\desktop\for git\engine2.5d\x64\debug\debugengine.tlog\link.9448-cvtres.write.1.tlog
c:\users\evgeny\desktop\for git\engine2.5d\x64\debug\debugengine.tlog\link.9448-rc.read.1.tlog
c:\users\evgeny\desktop\for git\engine2.5d\x64\debug\debugengine.tlog\link.9448-rc.write.1.tlog
c:\users\evgeny\desktop\for git\engine2.5d\x64\debug\debugengine.tlog\link.9448.read.1.tlog
c:\users\evgeny\desktop\for git\engine2.5d\x64\debug\debugengine.tlog\link.9448.write.1.tlog
c:\users\evgeny\desktop\for git\engine2.5d\x64\debug\debugengine.tlog\link.command.1.tlog
c:\users\evgeny\desktop\for git\engine2.5d\x64\debug\debugengine.tlog\link.read.1.tlog
c:\users\evgeny\desktop\for git\engine2.5d\x64\debug\debugengine.tlog\link.write.1.tlog
